<?xml version="1.0" encoding="UTF-8"?>
<!-- Generated by org.testng.reporters.JUnitReportReporter -->
<testsuite skipped="0" hostname="DESKTOP-4GNQ44C" name="example.NewTest" tests="1" failures="0" timestamp="29 Jun 2017 15:21:17 GMT" time="80.553" errors="0">
  <testcase name="testEasy" time="80.553" classname="example.NewTest"/>
</testsuite> <!-- example.NewTest -->
