<?xml version="1.0" encoding="UTF-8"?>
<!-- Generated by org.testng.reporters.JUnitReportReporter -->
<testsuite hostname="ADMINIB-AC7UJBB" name="example.LoginPageTest" tests="1" failures="0" timestamp="12 Jul 2017 02:27:30 GMT" time="319.105" errors="0">
  <testcase name="testLoginEss" time="319.105" classname="example.LoginPageTest"/>
</testsuite> <!-- example.LoginPageTest -->
