<?xml version="1.0" encoding="UTF-8"?>
<!-- Generated by org.testng.reporters.JUnitReportReporter -->
<testsuite hostname="DESKTOP-4GNQ44C" name="example.LoginPageTest" tests="1" failures="0" timestamp="30 Jun 2017 07:57:10 GMT" time="62.053" errors="0">
  <testcase name="testLoginEss" time="62.053" classname="example.LoginPageTest"/>
</testsuite> <!-- example.LoginPageTest -->
