<?xml version="1.0" encoding="UTF-8"?>
<!-- Generated by org.testng.reporters.JUnitReportReporter -->
<testsuite hostname="DESKTOP-4GNQ44C" name="example.NewTest" tests="1" failures="0" timestamp="30 Jun 2017 07:14:27 GMT" time="4.455" errors="0">
  <testcase name="testEasy" time="4.455" classname="example.NewTest"/>
</testsuite> <!-- example.NewTest -->
